o:\github\se\seassign-master\qtguiapplication1\x64\debug\vc140.pdb
o:\github\se\seassign-master\qtguiapplication1\x64\debug\serverac.obj
o:\github\se\seassign-master\qtguiapplication1\x64\debug\repasswordwidget.obj
o:\github\se\seassign-master\qtguiapplication1\x64\debug\receptionwidget.obj
o:\github\se\seassign-master\qtguiapplication1\x64\debug\mainwindow.obj
o:\github\se\seassign-master\qtguiapplication1\x64\debug\main.obj
o:\github\se\seassign-master\qtguiapplication1\x64\debug\logoutdialog.obj
o:\github\se\seassign-master\qtguiapplication1\x64\debug\loginwindow.obj
o:\github\se\seassign-master\qtguiapplication1\x64\debug\itemizedwidget.obj
o:\github\se\seassign-master\qtguiapplication1\x64\debug\moc_serverwidget.obj
o:\github\se\seassign-master\qtguiapplication1\x64\debug\moc_repasswordwidget.obj
o:\github\se\seassign-master\qtguiapplication1\x64\debug\moc_receptionwidget.obj
o:\github\se\seassign-master\qtguiapplication1\x64\debug\moc_mainwindow.obj
o:\github\se\seassign-master\qtguiapplication1\x64\debug\moc_logoutdialog.obj
o:\github\se\seassign-master\qtguiapplication1\x64\debug\moc_loginwindow.obj
o:\github\se\seassign-master\qtguiapplication1\x64\debug\moc_itemizedwidget.obj
o:\github\se\seassign-master\qtguiapplication1\x64\debug\moc_confirmdialog.obj
o:\github\se\seassign-master\qtguiapplication1\x64\debug\moc_clientwidget.obj
o:\github\se\seassign-master\qtguiapplication1\x64\debug\driver.obj
o:\github\se\seassign-master\qtguiapplication1\x64\debug\confirmdialog.obj
o:\github\se\seassign-master\qtguiapplication1\x64\debug\clientwidget.obj
o:\github\se\seassign-master\qtguiapplication1\x64\debug\serverwidget.obj
o:\github\se\seassign-master\qtguiapplication1\x64\debug\clientarray.obj
o:\github\se\seassign-master\qtguiapplication1\x64\debug\clientac.obj
o:\github\se\seassign-master\qtguiapplication1\x64\debug\request.obj
o:\github\se\seassign-master\qtguiapplication1\x64\debug\reqarray.obj
o:\github\se\seassign-master\qtguiapplication1\x64\debug\configac.obj
o:\github\se\seassign-master\qtguiapplication1\x64\debug\qrc_mainwindow.obj
o:\github\se\seassign-master\qtguiapplication1\generatedfiles\debug\moc_mainwindow.cpp
o:\github\se\seassign-master\qtguiapplication1\generatedfiles\ui_mainwindow.h
o:\github\se\seassign-master\qtguiapplication1\generatedfiles\debug\moc_serverwidget.cpp
o:\github\se\seassign-master\qtguiapplication1\generatedfiles\debug\moc_clientwidget.cpp
o:\github\se\seassign-master\qtguiapplication1\generatedfiles\debug\moc_confirmdialog.cpp
o:\github\se\seassign-master\qtguiapplication1\generatedfiles\debug\moc_loginwindow.cpp
o:\github\se\seassign-master\qtguiapplication1\generatedfiles\debug\moc_itemizedwidget.cpp
o:\github\se\seassign-master\qtguiapplication1\generatedfiles\debug\moc_logoutdialog.cpp
o:\github\se\seassign-master\qtguiapplication1\generatedfiles\debug\moc_receptionwidget.cpp
o:\github\se\seassign-master\qtguiapplication1\generatedfiles\debug\moc_repasswordwidget.cpp
o:\github\se\seassign-master\qtguiapplication1\generatedfiles\qrc_mainwindow.cpp
o:\github\se\seassign-master\qtguiapplication1\generatedfiles\ui_loginwindow.h
o:\github\se\seassign-master\qtguiapplication1\generatedfiles\ui_itemizedwidget.h
o:\github\se\seassign-master\qtguiapplication1\generatedfiles\ui_clientwidget.h
o:\github\se\seassign-master\qtguiapplication1\generatedfiles\ui_logoutdialog.h
o:\github\se\seassign-master\qtguiapplication1\generatedfiles\ui_confirmdialog.h
o:\github\se\seassign-master\qtguiapplication1\generatedfiles\ui_serverwidget.h
o:\github\se\seassign-master\qtguiapplication1\generatedfiles\ui_receptionwidget.h
o:\github\se\seassign-master\qtguiapplication1\generatedfiles\ui_repasswordwidget.h
o:\github\se\seassign-master\x64\debug\dacforse.ilk
o:\github\se\seassign-master\x64\debug\dacforse.exe
o:\github\se\seassign-master\x64\debug\dacforse.pdb
o:\github\se\seassign-master\qtguiapplication1\x64\debug\dacforse.res
o:\github\se\seassign-master\qtguiapplication1\x64\debug\dacforse.tlog\cl.command.1.tlog
o:\github\se\seassign-master\qtguiapplication1\x64\debug\dacforse.tlog\cl.read.1.tlog
o:\github\se\seassign-master\qtguiapplication1\x64\debug\dacforse.tlog\cl.write.1.tlog
o:\github\se\seassign-master\qtguiapplication1\x64\debug\dacforse.tlog\custombuild.command.1.tlog
o:\github\se\seassign-master\qtguiapplication1\x64\debug\dacforse.tlog\custombuild.read.1.tlog
o:\github\se\seassign-master\qtguiapplication1\x64\debug\dacforse.tlog\custombuild.write.1.tlog
o:\github\se\seassign-master\qtguiapplication1\x64\debug\dacforse.tlog\link.command.1.tlog
o:\github\se\seassign-master\qtguiapplication1\x64\debug\dacforse.tlog\link.read.1.tlog
o:\github\se\seassign-master\qtguiapplication1\x64\debug\dacforse.tlog\link.write.1.tlog
o:\github\se\seassign-master\qtguiapplication1\x64\debug\dacforse.tlog\rc.command.1.tlog
o:\github\se\seassign-master\qtguiapplication1\x64\debug\dacforse.tlog\rc.read.1.tlog
o:\github\se\seassign-master\qtguiapplication1\x64\debug\dacforse.tlog\rc.write.1.tlog
