C:\Program Files (x86)\MSBuild\Microsoft.Cpp\v4.0\V140\Microsoft.CppBuild.targets(392,5): warning MSB8028: The intermediate directory (x64\Debug\) contains files shared from another project (QtGuiApplication1.vcxproj).  This can lead to incorrect clean and rebuild behavior.
  Moc'ing mainwindow.h...
  Moc'ing ClientWidget.h...
  Moc'ing ConfirmDialog.h...
  Moc'ing ItemizedWidget.h...
  Moc'ing LogoutDialog.h...
  Uic'ing LogoutDialog.ui...
  Uic'ing ConfirmDialog.ui...
  ClientWidget.cpp
  ConfirmDialog.cpp
  moc_ClientWidget.cpp
  moc_ConfirmDialog.cpp
  moc_ItemizedWidget.cpp
  moc_LogoutDialog.cpp
  moc_mainwindow.cpp
  ItemizedWidget.cpp
  LogoutDialog.cpp
  main.cpp
  mainwindow.cpp
  ServerAC.cpp
  ConfigAC.cpp
  ReqArray.cpp
  Request.cpp
  ClientAC.cpp
  Generating Code...
d:\program\qtguiapplication1\qtguiapplication1\configac.cpp(265): warning C4715: 'Str2Enum': not all control paths return a value
  QtGuiApplication1.vcxproj -> D:\Program\QtGuiApplication1\x64\Debug\DACforSE.exe
  QtGuiApplication1.vcxproj -> D:\Program\QtGuiApplication1\x64\Debug\DACforSE.pdb (Full PDB)
